Warning[205] C:\USERS\MATHE\ONEDRIVE\TRABALHO1\TRABALHO.X\PROJETO.ASM 2 : Found directive in column 1. (CONFIG)
Warning[205] C:\USERS\MATHE\ONEDRIVE\TRABALHO1\TRABALHO.X\PROJETO.ASM 5 : Found directive in column 1. (udata_acs)
Warning[207] C:\USERS\MATHE\ONEDRIVE\TRABALHO1\TRABALHO.X\PROJETO.ASM 6 : Found label after column 1. (TIME)
Warning[207] C:\USERS\MATHE\ONEDRIVE\TRABALHO1\TRABALHO.X\PROJETO.ASM 22 : Found label after column 1. (looprincipal)
Warning[207] C:\USERS\MATHE\ONEDRIVE\TRABALHO1\TRABALHO.X\PROJETO.ASM 46 : Found label after column 1. (INCREMENTO)
Warning[207] C:\USERS\MATHE\ONEDRIVE\TRABALHO1\TRABALHO.X\PROJETO.ASM 56 : Found label after column 1. (ANALISE)
Warning[207] C:\USERS\MATHE\ONEDRIVE\TRABALHO1\TRABALHO.X\PROJETO.ASM 63 : Found label after column 1. (ADD)
Warning[207] C:\USERS\MATHE\ONEDRIVE\TRABALHO1\TRABALHO.X\PROJETO.ASM 70 : Found label after column 1. (PAUSA)
Warning[207] C:\USERS\MATHE\ONEDRIVE\TRABALHO1\TRABALHO.X\PROJETO.ASM 79 : Found label after column 1. (DECREMENTO)
Warning[207] C:\USERS\MATHE\ONEDRIVE\TRABALHO1\TRABALHO.X\PROJETO.ASM 88 : Found label after column 1. (DESCREMENTADISP1)
Warning[207] C:\USERS\MATHE\ONEDRIVE\TRABALHO1\TRABALHO.X\PROJETO.ASM 94 : Found label after column 1. (DECREMENTADISP0)
Warning[207] C:\USERS\MATHE\ONEDRIVE\TRABALHO1\TRABALHO.X\PROJETO.ASM 136 : Found label after column 1. (DELAY)
Warning[207] C:\USERS\MATHE\ONEDRIVE\TRABALHO1\TRABALHO.X\PROJETO.ASM 139 : Found label after column 1. (LOOPDELAY)
Warning[207] C:\USERS\MATHE\ONEDRIVE\TRABALHO1\TRABALHO.X\PROJETO.ASM 149 : Found label after column 1. (ATRASO)
Warning[207] C:\USERS\MATHE\ONEDRIVE\TRABALHO1\TRABALHO.X\PROJETO.ASM 152 : Found label after column 1. (LOOP)
Warning[207] C:\USERS\MATHE\ONEDRIVE\TRABALHO1\TRABALHO.X\PROJETO.ASM 160 : Found label after column 1. (ATRASO1)
Warning[207] C:\USERS\MATHE\ONEDRIVE\TRABALHO1\TRABALHO.X\PROJETO.ASM 163 : Found label after column 1. (LOOP2)
Warning[207] C:\USERS\MATHE\ONEDRIVE\TRABALHO1\TRABALHO.X\PROJETO.ASM 173 : Found label after column 1. (ATRASO2)
Warning[207] C:\USERS\MATHE\ONEDRIVE\TRABALHO1\TRABALHO.X\PROJETO.ASM 176 : Found label after column 1. (LOOP3)
Warning[205] C:\USERS\MATHE\ONEDRIVE\TRABALHO1\TRABALHO.X\PROJETO.ASM 185 : Found directive in column 1. (END)
