MPASM 5.86                       PROJETO.ASM   4-12-2021  21:20:31         PAGE  1


LOC  OBJECT CODE     LINE SOURCE TEXT
  VALUE

                      00001 #include "p18f4550.inc"
                      00001         LIST
                      00002 
                      00003 ;==========================================================================
                      00004 ; Build date : Oct 24 2019
                      00005 ;  MPASM PIC18F4550 processor include
                      00006 ; 
                      00007 ;  (c) Copyright 1999-2019 Microchip Technology, All rights reserved
                      00008 ;==========================================================================
                      00009 
                      01765         LIST
Warning[205]: Found directive in column 1. (CONFIG)
                      00002 CONFIG PBADEN = OFF    
                      00003 
                      00004 
Warning[205]: Found directive in column 1. (udata_acs)
                      00005 udata_acs 0x00 
Warning[207]: Found label after column 1. (TIME)
000000                00006     TIME res 1  ;VARIAVEL RESPONSAVEL POR GUARDAR O TEMPO
                      00007     
                      00008 RES_VECT  CODE    0x0000            
000000 EF?? F???      00009     GOTO    START                   
                      00010 
                      00011 
                      00012 MAIN_PROG CODE                      ; let linker place main program
                      00013  
000000                00014 START
                      00015  ;------------------------ HABILITANDO OS PINOS --------------------------------
000000 0E00           00016     MOVLW 0x00  ;HABILITA TODOS OS PINOS DA PORTA D PARA SAIDA 
000002 6E95           00017     MOVWF TRISD         
000004 0E03           00018     MOVLW 0x03
000006 6E93           00019     MOVWF TRISB ;HABILITA OS PINOS RB0, RB1 PARA ENTRADA E RB4 PARA SAIDA
                      00020     
                      00021  ;--------------------------------PRINCIPAL-------------------------------------
Warning[207]: Found label after column 1. (looprincipal)
000008                00022    looprincipal
000008 9881           00023         BCF PORTB,RB4   ;BUZZER INICIALMENTE DESLIGADO
                      00024         
00000A 0E10           00025         MOVLW 0x10      ;INICIA O TIME EM 10MIN
00000C 6E??           00026         MOVWF TIME
                      00027         
00000E 0E03           00028         MOVLW 0x03  ;INICIALMENTE HABILITA O PINO RB1 (OS BOTÕES SW0 E SW1 )
000010 6E93           00029         MOVWF TRISB 
                      00030         
000012 EC?? F???      00031         CALL INCREMENTO ;INCREMENTA AO APERTAR O BOTÃO SW0 E INICIA O CRONOMETRO
                      00032                         ;AO APERTAR O BOTÃO SW1 INICIA O CRONOMETRO
                      00033         
000016 0E01           00034         MOVLW 0x01  ; DESABILITA O PINO RB1 (O BOTÃO SW0)
000018 6E93           00035         MOVWF TRISB  
                      00036         
00001A EC?? F???      00037         CALL DECREMENTO ; INICIA O CRONOMETRO DECREMENTANDO A VARIAVEL TIME
                      00038         
00001E 8881           00039         BSF PORTB,RB4    ;LIGA O BUZZER APOS O TEMPO CHEGAR EM ZERO
MPASM 5.86                       PROJETO.ASM   4-12-2021  21:20:31         PAGE  2


LOC  OBJECT CODE     LINE SOURCE TEXT
  VALUE

000020 EC?? F???      00040         CALL ATRASO     ;TEMPO PARA FIZAR O BUZZER LIGADO
                      00041         
000024 EC?? F???      00042         CALL PAUSA ;ESPERA APERTAR ALGUM BOTÃO SW0 E SW1 PARA VOLTAR PARA O LOOP
000028 EF?? F???      00043     GOTO looprincipal  
                      00044     
                      00045  ;-------------------------------INCREMENTO-------------------------------------
Warning[207]: Found label after column 1. (INCREMENTO)
00002C                00046     INCREMENTO
00002C C??? FF83      00047         MOVFF TIME,PORTD    ;EXIBE NO PORTD O VALOR DE TIME
000030 EC?? F???      00048         CALL ATRASO2        ;ATRASO NECESSARIO PARA OBSERVAR O INCREMENTO
000034 A081           00049         btfss PORTB,RB0     ;ANALISA SE O PINO SW0 FOI ACIONADO
000036 EC?? F???      00050         CALL ANALISE        ;CASO SIM, CHAMA A FUNÇÃO PARA ANALISAR SE PODE 
                      00051                             ;INCREMENATAR EM TIME
00003A A281           00052         btfss PORTB,RB1     ;ANALISA SE O BOTÃO SW1 FOI ACIONADO
00003C 0012           00053         return              ; SE FOR ACIONADO VOLTA PARA O LOOPRINCIPAL
00003E EF?? F???      00054     GOTO INCREMENTO         ; CASO CONTRARIO, PERMANECE EM INCREMENTO
                      00055     
Warning[207]: Found label after column 1. (ANALISE)
000042                00056     ANALISE                 ;ANALISA SE O NUMERO É MAIOR QUE 60min
000042 50??           00057         MOVF TIME, W
000044 0860           00058         SUBLW 0x60
000046 A4D8           00059         BTFSS STATUS,Z
000048 EF?? F???      00060         GOTO ADD            ;SE FOR MENOR, CHAMA A FUNÇÃO SOMA
00004C 0012           00061     return
                      00062     
Warning[207]: Found label after column 1. (ADD)
00004E                00063     ADD                     ;FUNÇÃO QUE SOMA AO TIME 10min
                      00064 
00004E 0E10           00065         MOVLW 0x10
000050 26??           00066         ADDWF TIME
000052 0012           00067     return 
                      00068     
                      00069  ;---------------------------------PAUSA----------------------------------------
Warning[207]: Found label after column 1. (PAUSA)
000054                00070  PAUSA          ;ANALISA SE O USUARIO QUER INICIAR O CRONOMETRO
000054 EC?? F???      00071     CALL ATRASO2
000058 A081           00072     btfss PORTB,RB0 ; analisa se o pino RBO foi acionado
00005A 0012           00073     return 
00005C A281           00074     btfss PORTB,RB1     ; analisa se o pino RB1 foi acionado
00005E 0012           00075     return
000060 EF?? F???      00076  GOTO PAUSA
                      00077  
                      00078  ;-------------------------DECREMENTA-------------------------------------------   
Warning[207]: Found label after column 1. (DECREMENTO)
000064                00079    DECREMENTO       
000064 EC?? F???      00080         CALL DESCREMENTADISP1   ;DECREMENTA EM DISP0
000068 EC?? F???      00081         CALL DECREMENTADISP0    ;DECREMENTA EM DISP1
00006C 50??           00082         MOVF TIME, W
00006E 0800           00083         SUBLW 0x00
000070 A4D8           00084         BTFSS STATUS,Z          ;ANALISA SE O TEMPO ESTÁ ZERADO
000072 EF?? F???      00085         GOTO DECREMENTO         ;SE NÃO, CONTINUA DECREMENTANDO
000076 0012           00086    return                       ;SE SIM, RETORNE PARA A FUNÇÃO PRINCIPAL
                      00087    
MPASM 5.86                       PROJETO.ASM   4-12-2021  21:20:31         PAGE  3


LOC  OBJECT CODE     LINE SOURCE TEXT
  VALUE

Warning[207]: Found label after column 1. (DESCREMENTADISP1)
000078                00088    DESCREMENTADISP1             ;DECREMENTA EM DISP1
000078 0E07           00089         MOVLW 0x07
00007A 5E??           00090         SUBWF TIME
00007C C??? FF83      00091         MOVFF TIME, PORTD
000080 0012           00092     return
                      00093    
Warning[207]: Found label after column 1. (DECREMENTADISP0)
000082                00094     DECREMENTADISP0             ;DECREMENTA EM DISP0
000082 C??? FF83      00095         MOVFF TIME,PORTD
000086 EC?? F???      00096         CALL DELAY
                      00097     
00008A 06??           00098         DECF TIME
00008C C??? FF83      00099         MOVFF TIME,PORTD
000090 EC?? F???      00100         CALL DELAY
                      00101         
000094 06??           00102         DECF TIME
000096 C??? FF83      00103         MOVFF TIME,PORTD
00009A EC?? F???      00104         CALL DELAY
                      00105         
00009E 06??           00106         DECF TIME
0000A0 C??? FF83      00107         MOVFF TIME,PORTD
0000A4 EC?? F???      00108         CALL DELAY
                      00109         
0000A8 06??           00110         DECF TIME
0000AA C??? FF83      00111         MOVFF TIME,PORTD
0000AE EC?? F???      00112         CALL DELAY
                      00113         
0000B2 06??           00114         DECF TIME
0000B4 C??? FF83      00115         MOVFF TIME,PORTD
0000B8 EC?? F???      00116         CALL DELAY
                      00117         
0000BC 06??           00118         DECF TIME
0000BE C??? FF83      00119         MOVFF TIME,PORTD
0000C2 EC?? F???      00120         CALL DELAY
                      00121         
0000C6 06??           00122         DECF TIME
0000C8 C??? FF83      00123         MOVFF TIME,PORTD
0000CC EC?? F???      00124         CALL DELAY
                      00125         
0000D0 06??           00126         DECF TIME
0000D2 C??? FF83      00127         MOVFF TIME,PORTD
0000D6 EC?? F???      00128         CALL DELAY
                      00129         
0000DA 06??           00130         DECF TIME
0000DC C??? FF83      00131         MOVFF TIME,PORTD
0000E0 EC?? F???      00132         CALL DELAY
0000E4 0012           00133     return   
                      00134    
                      00135  ;----------------------------------DELAY DE 1MIN-----------------------------   
Warning[207]: Found label after column 1. (DELAY)
0000E6                00136     DELAY                    ;ATRASA 1min
0000E6 0E0B           00137         MOVLW .11
MPASM 5.86                       PROJETO.ASM   4-12-2021  21:20:31         PAGE  4


LOC  OBJECT CODE     LINE SOURCE TEXT
  VALUE

0000E8 6E04           00138         MOVWF 0x04
Warning[207]: Found label after column 1. (LOOPDELAY)
0000EA                00139         LOOPDELAY
0000EA EC?? F???      00140             CALL ATRASO1
0000EE EC?? F???      00141             CALL ATRASO1
0000F2 EC?? F???      00142             CALL ATRASO1
0000F6 EC?? F???      00143             CALL ATRASO1
0000FA EC?? F???      00144             CALL ATRASO1
0000FE 0604           00145             decf 0x04
000100 E1??           00146         bnz LOOPDELAY
000102 0012           00147     return
                      00148     
Warning[207]: Found label after column 1. (ATRASO)
000104                00149     ATRASO                  ;ATRASO DE 1ms
000104 0EFF           00150         MOVLW .255
000106 6E08           00151         MOVWF 0x08
Warning[207]: Found label after column 1. (LOOP)
000108                00152             LOOP
000108 0000           00153             NOP
00010A 0000           00154             NOP
00010C 0000           00155             NOP
00010E 0608           00156             decf 0x08
000110 E1??           00157         bnz LOOP
000112 0012           00158     return
                      00159     
Warning[207]: Found label after column 1. (ATRASO1)
000114                00160     ATRASO1                 ;ATRASA 1s
000114 0E71           00161         MOVLW .113
000116 6E03           00162         MOVWF 0x03
Warning[207]: Found label after column 1. (LOOP2)
000118                00163         LOOP2
000118 EC?? F???      00164             CALL ATRASO
00011C EC?? F???      00165             CALL ATRASO
000120 EC?? F???      00166             CALL ATRASO
000124 EC?? F???      00167             CALL ATRASO
000128 EC?? F???      00168             CALL ATRASO
00012C 0603           00169             decf 0x03
00012E E1??           00170         bnz LOOP2
000130 0012           00171     return
                      00172     
Warning[207]: Found label after column 1. (ATRASO2)
000132                00173     ATRASO2             ; ATRASA 500ms SEGUNDO
000132 0E28           00174         MOVLW .40
000134 6E10           00175         MOVWF 0x10
Warning[207]: Found label after column 1. (LOOP3)
000136                00176         LOOP3
000136 EC?? F???      00177             CALL ATRASO
00013A EC?? F???      00178             CALL ATRASO
00013E EC?? F???      00179             CALL ATRASO
000142 EC?? F???      00180             CALL ATRASO
000146 EC?? F???      00181             CALL ATRASO
00014A 0610           00182             decf 0x10
00014C E1??           00183         bnz LOOP3
MPASM 5.86                       PROJETO.ASM   4-12-2021  21:20:31         PAGE  5


LOC  OBJECT CODE     LINE SOURCE TEXT
  VALUE

00014E 0012           00184     return
Warning[205]: Found directive in column 1. (END)
                      00185 END
MPASM 5.86                       PROJETO.ASM   4-12-2021  21:20:31         PAGE  6


SYMBOL TABLE
  LABEL                             VALUE 

A                                 00000000
ABDEN                             00000000
ABDOVF                            00000007
ACCESS                            00000000
ACKDT                             00000005
ACKEN                             00000004
ACKSTAT                           00000006
ACQT0                             00000003
ACQT1                             00000004
ACQT2                             00000005
ACTVIE                            00000002
ACTVIF                            00000002
ADCON0                            00000FC2
ADCON1                            00000FC1
ADCON2                            00000FC0
ADCS0                             00000000
ADCS1                             00000001
ADCS2                             00000002
ADD                               0000004E
ADDEN                             00000003
ADDR0                             00000000
ADDR1                             00000001
ADDR2                             00000002
ADDR3                             00000003
ADDR4                             00000004
ADDR5                             00000005
ADDR6                             00000006
ADEN                              00000003
ADFM                              00000007
ADIE                              00000006
ADIF                              00000006
ADIP                              00000006
ADON                              00000000
ADRES                             00000FC3
ADRESH                            00000FC4
ADRESL                            00000FC3
AN0                               00000000
AN1                               00000001
AN2                               00000002
AN3                               00000003
AN4                               00000005
ANALISE                           00000042
ATRASO                            00000104
ATRASO1                           00000114
ATRASO2                           00000132
BANKED                            00000001
BAUDCON                           00000FB8
BAUDCTL                           00000FB8
BCLIE                             00000003
BCLIF                             00000003
BCLIP                             00000003
BF                                00000000
BGST                              00000005
MPASM 5.86                       PROJETO.ASM   4-12-2021  21:20:31         PAGE  7


SYMBOL TABLE
  LABEL                             VALUE 

BOR                               00000000
BRG16                             00000003
BRGH                              00000002
BSR                               00000FE0
BTOEE                             00000004
BTOEF                             00000004
BTSEE                             00000007
BTSEF                             00000007
C                                 00000000
C1INV                             00000004
C1OUT                             00000006
C2INV                             00000005
C2OUT                             00000007
CCP1                              00000002
CCP1AS                            00000FB6
CCP1CON                           00000FBD
CCP1DEL                           00000FB7
CCP1IE                            00000002
CCP1IF                            00000002
CCP1IP                            00000002
CCP1M0                            00000000
CCP1M1                            00000001
CCP1M2                            00000002
CCP1M3                            00000003
CCP2CON                           00000FBA
CCP2IE                            00000000
CCP2IF                            00000000
CCP2IP                            00000000
CCP2M0                            00000000
CCP2M1                            00000001
CCP2M2                            00000002
CCP2M3                            00000003
CCPR1                             00000FBE
CCPR1H                            00000FBF
CCPR1L                            00000FBE
CCPR2                             00000FBB
CCPR2H                            00000FBC
CCPR2L                            00000FBB
CFGS                              00000006
CHS0                              00000002
CHS1                              00000003
CHS2                              00000004
CHS3                              00000005
CIS                               00000003
CK                                00000006
CK1SPP                            00000000
CK2SPP                            00000001
CKE                               00000006
CKP                               00000004
CLK1EN                            00000004
CLKCFG0                           00000006
CLKCFG1                           00000007
CM0                               00000000
MPASM 5.86                       PROJETO.ASM   4-12-2021  21:20:31         PAGE  8


SYMBOL TABLE
  LABEL                             VALUE 

CM1                               00000001
CM2                               00000002
CMCON                             00000FB4
CMIE                              00000006
CMIF                              00000006
CMIP                              00000006
CRC16EE                           00000002
CRC16EF                           00000002
CRC5EE                            00000001
CRC5EF                            00000001
CREN                              00000004
CSEN                              00000005
CSRC                              00000007
CVR0                              00000000
CVR1                              00000001
CVR2                              00000002
CVR3                              00000003
CVRCON                            00000FB5
CVREF                             00000004
CVREN                             00000007
CVROE                             00000006
CVRR                              00000005
CVRSS                             00000004
D                                 00000005
DATA_ADDRESS                      00000005
DC                                00000001
DC1B0                             00000004
DC1B1                             00000005
DC2B0                             00000004
DC2B1                             00000005
DDRA                              TRISA
DDRB                              TRISB
DDRC                              TRISC
DDRD                              TRISD
DDRE                              TRISE
DECREMENTADISP0                   00000082
DECREMENTO                        00000064
DELAY                             000000E6
DESCREMENTADISP1                  00000078
DFN8EE                            00000003
DFN8EF                            00000003
DIR                               00000002
DONE                              00000001
D_A                               00000005
D_NOT_A                           00000005
ECCP1AS                           00000FB6
ECCP1CON                          00000FBD
ECCP1DEL                          00000FB7
ECCPAS0                           00000004
ECCPAS1                           00000005
ECCPAS2                           00000006
ECCPASE                           00000007
EEADR                             00000FA9
MPASM 5.86                       PROJETO.ASM   4-12-2021  21:20:31         PAGE  9


SYMBOL TABLE
  LABEL                             VALUE 

EECON1                            00000FA6
EECON2                            00000FA7
EEDATA                            00000FA8
EEIE                              00000004
EEIF                              00000004
EEIP                              00000004
EEPGD                             00000007
ENDP0                             00000003
ENDP1                             00000004
ENDP2                             00000005
ENDP3                             00000006
EPCONDIS                          00000003
EPHSHK                            00000004
EPINEN                            00000001
EPOUTEN                           00000002
EPSTALL                           00000000
FAST                              00000001
FERR                              00000002
FLTS                              00000002
FREE                              00000004
FRM0                              00000000
FRM1                              00000001
FRM10                             00000002
FRM2                              00000002
FRM3                              00000003
FRM4                              00000004
FRM5                              00000005
FRM6                              00000006
FRM7                              00000007
FRM8                              00000000
FRM9                              00000001
FSEN                              00000002
FSR0                              00000000
FSR0H                             00000FEA
FSR0L                             00000FE9
FSR1                              00000001
FSR1H                             00000FE2
FSR1L                             00000FE1
FSR2                              00000002
FSR2H                             00000FDA
FSR2L                             00000FD9
GCEN                              00000007
GIE                               00000007
GIEH                              00000007
GIEL                              00000006
GIE_GIEH                          00000007
GO                                00000001
GO_DONE                           00000001
GO_NOT_DONE                       00000001
HLVDCON                           00000FD2
HLVDEN                            00000004
HLVDIE                            00000002
HLVDIF                            00000002
MPASM 5.86                       PROJETO.ASM   4-12-2021  21:20:31         PAGE 10


SYMBOL TABLE
  LABEL                             VALUE 

HLVDIN                            00000005
HLVDIP                            00000002
HLVDL0                            00000000
HLVDL1                            00000001
HLVDL2                            00000002
HLVDL3                            00000003
I2C_DAT                           00000005
I2C_READ                          00000002
I2C_START                         00000003
I2C_STOP                          00000004
IDLEIE                            00000004
IDLEIF                            00000004
IDLEN                             00000007
INCREMENTO                        0000002C
INDF0                             00000FEF
INDF1                             00000FE7
INDF2                             00000FDF
INT0                              00000000
INT0E                             00000004
INT0F                             00000001
INT0IE                            00000004
INT0IF                            00000001
INT1                              00000001
INT1E                             00000003
INT1F                             00000000
INT1IE                            00000003
INT1IF                            00000000
INT1IP                            00000006
INT1P                             00000006
INT2                              00000002
INT2E                             00000004
INT2F                             00000001
INT2IE                            00000004
INT2IF                            00000001
INT2IP                            00000007
INT2P                             00000007
INTCON                            00000FF2
INTCON2                           00000FF1
INTCON3                           00000FF0
INTEDG0                           00000006
INTEDG1                           00000005
INTEDG2                           00000004
INTSRC                            00000007
IOFS                              00000002
IPEN                              00000007
IPR1                              00000F9F
IPR2                              00000FA2
IRCF0                             00000004
IRCF1                             00000005
IRCF2                             00000006
IRVST                             00000005
IVRST                             00000005
LATA                              00000F89
MPASM 5.86                       PROJETO.ASM   4-12-2021  21:20:31         PAGE 11


SYMBOL TABLE
  LABEL                             VALUE 

LATA0                             00000000
LATA1                             00000001
LATA2                             00000002
LATA3                             00000003
LATA4                             00000004
LATA5                             00000005
LATA6                             00000006
LATB                              00000F8A
LATB0                             00000000
LATB1                             00000001
LATB2                             00000002
LATB3                             00000003
LATB4                             00000004
LATB5                             00000005
LATB6                             00000006
LATB7                             00000007
LATC                              00000F8B
LATC0                             00000000
LATC1                             00000001
LATC2                             00000002
LATC6                             00000006
LATC7                             00000007
LATD                              00000F8C
LATD0                             00000000
LATD1                             00000001
LATD2                             00000002
LATD3                             00000003
LATD4                             00000004
LATD5                             00000005
LATD6                             00000006
LATD7                             00000007
LATE                              00000F8D
LATE0                             00000000
LATE1                             00000001
LATE2                             00000002
LOOP                              00000108
LOOP2                             00000118
LOOP3                             00000136
LOOPDELAY                         000000EA
LVDCON                            00000FD2
LVDEN                             00000004
LVDIE                             00000002
LVDIF                             00000002
LVDIN                             00000005
LVDIP                             00000002
LVDL0                             00000000
LVDL1                             00000001
LVDL2                             00000002
LVDL3                             00000003
LVV0                              00000000
LVV1                              00000001
LVV2                              00000002
LVV3                              00000003
MPASM 5.86                       PROJETO.ASM   4-12-2021  21:20:31         PAGE 12


SYMBOL TABLE
  LABEL                             VALUE 

N                                 00000004
NOT_A                             00000005
NOT_ADDRESS                       00000005
NOT_BOR                           00000000
NOT_DONE                          00000001
NOT_IPEN                          00000007
NOT_PD                            00000002
NOT_POR                           00000001
NOT_RBPU                          00000007
NOT_RI                            00000004
NOT_T1SYNC                        00000002
NOT_T3SYNC                        00000002
NOT_TO                            00000003
NOT_W                             00000002
NOT_WRITE                         00000002
OERR                              00000001
OESPP                             00000002
OSC2                              00000006
OSCCON                            00000FD3
OSCFIE                            00000007
OSCFIF                            00000007
OSCFIP                            00000007
OSCTUNE                           00000F9B
OSTS                              00000003
OV                                00000003
P                                 00000004
P1A                               00000002
P1M0                              00000006
P1M1                              00000007
PAUSA                             00000054
PC                                00000FF9
PCFG0                             00000000
PCFG1                             00000001
PCFG2                             00000002
PCFG3                             00000003
PCL                               00000FF9
PCLATH                            00000FFA
PCLATU                            00000FFB
PD                                00000002
PDC0                              00000000
PDC1                              00000001
PDC2                              00000002
PDC3                              00000003
PDC4                              00000004
PDC5                              00000005
PDC6                              00000006
PEIE                              00000006
PEIE_GIEL                         00000006
PEN                               00000002
PGC                               00000006
PGD                               00000007
PGM                               00000005
PIDEE                             00000000
MPASM 5.86                       PROJETO.ASM   4-12-2021  21:20:31         PAGE 13


SYMBOL TABLE
  LABEL                             VALUE 

PIDEF                             00000000
PIE1                              00000F9D
PIE2                              00000FA0
PIR1                              00000F9E
PIR2                              00000FA1
PKTDIS                            00000004
PLUSW0                            00000FEB
PLUSW1                            00000FE3
PLUSW2                            00000FDB
POR                               00000001
PORTA                             00000F80
PORTB                             00000F81
PORTC                             00000F82
PORTD                             00000F83
PORTE                             00000F84
POSTDEC0                          00000FED
POSTDEC1                          00000FE5
POSTDEC2                          00000FDD
POSTINC0                          00000FEE
POSTINC1                          00000FE6
POSTINC2                          00000FDE
PPB0                              00000000
PPB1                              00000001
PPBI                              00000001
PPBRST                            00000006
PR2                               00000FCB
PREINC0                           00000FEC
PREINC1                           00000FE4
PREINC2                           00000FDC
PROD                              00000FF3
PRODH                             00000FF4
PRODL                             00000FF3
PRSEN                             00000007
PSA                               00000003
PSSAC0                            00000002
PSSAC1                            00000003
PSSBD0                            00000000
PSSBD1                            00000001
R                                 00000002
RA0                               00000000
RA1                               00000001
RA2                               00000002
RA3                               00000003
RA4                               00000004
RA5                               00000005
RA6                               00000006
RB0                               00000000
RB1                               00000001
RB2                               00000002
RB3                               00000003
RB4                               00000004
RB5                               00000005
RB6                               00000006
MPASM 5.86                       PROJETO.ASM   4-12-2021  21:20:31         PAGE 14


SYMBOL TABLE
  LABEL                             VALUE 

RB7                               00000007
RBIE                              00000003
RBIF                              00000000
RBIP                              00000000
RBPU                              00000007
RC0                               00000000
RC1                               00000001
RC2                               00000002
RC4                               00000004
RC5                               00000005
RC6                               00000006
RC7                               00000007
RCEN                              00000003
RCIDL                             00000006
RCIE                              00000005
RCIF                              00000005
RCIP                              00000005
RCMT                              00000006
RCON                              00000FD0
RCREG                             00000FAE
RCSTA                             00000FAB
RD                                00000000
RD0                               00000000
RD1                               00000001
RD16                              00000007
RD2                               00000002
RD3                               00000003
RD4                               00000004
RD5                               00000005
RD6                               00000006
RD7                               00000007
RDPU                              00000007
RDSPP                             00000007
RE0                               00000000
RE1                               00000001
RE2                               00000002
RE3                               00000003
READ_WRITE                        00000002
RESUME                            00000002
RI                                00000004
RSEN                              00000001
RX                                00000007
RX9                               00000006
RX9D                              00000000
RXDTP                             00000005
R_NOT_W                           00000002
R_W                               00000002
S                                 00000003
SBOREN                            00000006
SCKP                              00000004
SCS0                              00000000
SCS1                              00000001
SE0                               00000005
MPASM 5.86                       PROJETO.ASM   4-12-2021  21:20:31         PAGE 15


SYMBOL TABLE
  LABEL                             VALUE 

SEN                               00000000
SENDB                             00000003
SMP                               00000007
SOFIE                             00000006
SOFIF                             00000006
SPBRG                             00000FAF
SPBRGH                            00000FB0
SPEN                              00000007
SPP0                              00000000
SPP1                              00000001
SPP2                              00000002
SPP3                              00000003
SPP4                              00000004
SPP5                              00000005
SPP6                              00000006
SPP7                              00000007
SPPBUSY                           00000004
SPPCFG                            00000F63
SPPCON                            00000F65
SPPDATA                           00000F62
SPPEN                             00000000
SPPEPS                            00000F64
SPPIE                             00000007
SPPIF                             00000007
SPPIP                             00000007
SPPOWN                            00000001
SREN                              00000005
SSPADD                            00000FC8
SSPBUF                            00000FC9
SSPCON1                           00000FC6
SSPCON2                           00000FC5
SSPEN                             00000005
SSPIE                             00000003
SSPIF                             00000003
SSPIP                             00000003
SSPM0                             00000000
SSPM1                             00000001
SSPM2                             00000002
SSPM3                             00000003
SSPOV                             00000006
SSPSTAT                           00000FC7
STALLIE                           00000005
STALLIF                           00000005
START                             00000000
STATUS                            00000FD8
STKFUL                            00000007
STKOVF                            00000007
STKPTR                            00000FFC
STKPTR0                           00000000
STKPTR1                           00000001
STKPTR2                           00000002
STKPTR3                           00000003
STKPTR4                           00000004
MPASM 5.86                       PROJETO.ASM   4-12-2021  21:20:31         PAGE 16


SYMBOL TABLE
  LABEL                             VALUE 

STKUNF                            00000006
SUSPND                            00000001
SWDTE                             00000000
SWDTEN                            00000000
SYNC                              00000004
T08BIT                            00000006
T0CKI                             00000004
T0CON                             00000FD5
T0CS                              00000005
T0IE                              00000005
T0IF                              00000002
T0IP                              00000002
T0PS0                             00000000
T0PS1                             00000001
T0PS2                             00000002
T0SE                              00000004
T13CKI                            00000000
T1CKPS0                           00000004
T1CKPS1                           00000005
T1CON                             00000FCD
T1OSCEN                           00000003
T1OSI                             00000001
T1OSO                             00000000
T1RUN                             00000006
T1SYNC                            00000002
T2CKPS0                           00000000
T2CKPS1                           00000001
T2CON                             00000FCA
T2OUTPS0                          00000003
T2OUTPS1                          00000004
T2OUTPS2                          00000005
T2OUTPS3                          00000006
T3CCP1                            00000003
T3CCP2                            00000006
T3CKPS0                           00000004
T3CKPS1                           00000005
T3CON                             00000FB1
T3NSYNC                           00000002
T3SYNC                            00000002
TABLAT                            00000FF5
TBLPTR                            00000FF6
TBLPTRH                           00000FF7
TBLPTRL                           00000FF6
TBLPTRU                           00000FF8
TIME                              00000000
TMR0                              00000FD6
TMR0H                             00000FD7
TMR0IE                            00000005
TMR0IF                            00000002
TMR0IP                            00000002
TMR0L                             00000FD6
TMR0ON                            00000007
TMR1                              00000FCE
MPASM 5.86                       PROJETO.ASM   4-12-2021  21:20:31         PAGE 17


SYMBOL TABLE
  LABEL                             VALUE 

TMR1CS                            00000001
TMR1H                             00000FCF
TMR1IE                            00000000
TMR1IF                            00000000
TMR1IP                            00000000
TMR1L                             00000FCE
TMR1ON                            00000000
TMR2                              00000FCC
TMR2IE                            00000001
TMR2IF                            00000001
TMR2IP                            00000001
TMR2ON                            00000002
TMR3                              00000FB2
TMR3CS                            00000001
TMR3H                             00000FB3
TMR3IE                            00000001
TMR3IF                            00000001
TMR3IP                            00000001
TMR3L                             00000FB2
TMR3ON                            00000000
TO                                00000003
TOS                               00000FFD
TOSH                              00000FFE
TOSL                              00000FFD
TOSU                              00000FFF
TOUTPS0                           00000003
TOUTPS1                           00000004
TOUTPS2                           00000005
TOUTPS3                           00000006
TRISA                             00000F92
TRISA0                            00000000
TRISA1                            00000001
TRISA2                            00000002
TRISA3                            00000003
TRISA4                            00000004
TRISA5                            00000005
TRISA6                            00000006
TRISB                             00000F93
TRISB0                            00000000
TRISB1                            00000001
TRISB2                            00000002
TRISB3                            00000003
TRISB4                            00000004
TRISB5                            00000005
TRISB6                            00000006
TRISB7                            00000007
TRISC                             00000F94
TRISC0                            00000000
TRISC1                            00000001
TRISC2                            00000002
TRISC6                            00000006
TRISC7                            00000007
TRISD                             00000F95
MPASM 5.86                       PROJETO.ASM   4-12-2021  21:20:31         PAGE 18


SYMBOL TABLE
  LABEL                             VALUE 

TRISD0                            00000000
TRISD1                            00000001
TRISD2                            00000002
TRISD3                            00000003
TRISD4                            00000004
TRISD5                            00000005
TRISD6                            00000006
TRISD7                            00000007
TRISE                             00000F96
TRISE0                            00000000
TRISE1                            00000001
TRISE2                            00000002
TRMT                              00000001
TRNIE                             00000003
TRNIF                             00000003
TUN0                              00000000
TUN1                              00000001
TUN2                              00000002
TUN3                              00000003
TUN4                              00000004
TX                                00000006
TX9                               00000006
TX9D                              00000000
TXCKP                             00000004
TXEN                              00000005
TXIE                              00000004
TXIF                              00000004
TXIP                              00000004
TXREG                             00000FAD
TXSTA                             00000FAC
UA                                00000001
UADDR                             00000F6E
UCFG                              00000F6F
UCON                              00000F6D
UEIE                              00000F6B
UEIR                              00000F6A
UEP0                              00000F70
UEP1                              00000F71
UEP10                             00000F7A
UEP11                             00000F7B
UEP12                             00000F7C
UEP13                             00000F7D
UEP14                             00000F7E
UEP15                             00000F7F
UEP2                              00000F72
UEP3                              00000F73
UEP4                              00000F74
UEP5                              00000F75
UEP6                              00000F76
UEP7                              00000F77
UEP8                              00000F78
UEP9                              00000F79
UERRIE                            00000001
MPASM 5.86                       PROJETO.ASM   4-12-2021  21:20:31         PAGE 19


SYMBOL TABLE
  LABEL                             VALUE 

UERRIF                            00000001
UFRM                              00000F66
UFRMH                             00000F67
UFRML                             00000F66
UIE                               00000F69
UIR                               00000F68
UOEMON                            00000006
UPUEN                             00000004
URSTIE                            00000000
URSTIF                            00000000
USBEN                             00000003
USBIE                             00000005
USBIF                             00000005
USBIP                             00000005
USTAT                             00000F6C
UTEYE                             00000007
UTRDIS                            00000003
VCFG0                             00000004
VCFG1                             00000005
VDIRMAG                           00000007
VREFM                             00000002
VREFP                             00000003
W                                 00000000
WCOL                              00000007
WDTCON                            00000FD1
WR                                00000001
WREG                              00000FE8
WREN                              00000002
WRERR                             00000003
WRSPP                             00000006
WS0                               00000000
WS1                               00000001
WS2                               00000002
WS3                               00000003
WUE                               00000001
Z                                 00000002
_BORV_0_2L                        000000E7
_BORV_1_2L                        000000EF
_BORV_2_2L                        000000F7
_BORV_3_2L                        000000FF
_BOR_OFF_2L                       000000F9
_BOR_ON_2L                        000000FF
_BOR_ON_ACTIVE_2L                 000000FD
_BOR_SOFT_2L                      000000FB
_CCP2MX_OFF_3H                    000000FE
_CCP2MX_ON_3H                     000000FF
_CONFIG1H                         00300001
_CONFIG1L                         00300000
_CONFIG2H                         00300003
_CONFIG2L                         00300002
_CONFIG3H                         00300005
_CONFIG4L                         00300006
_CONFIG5H                         00300009
MPASM 5.86                       PROJETO.ASM   4-12-2021  21:20:31         PAGE 20


SYMBOL TABLE
  LABEL                             VALUE 

_CONFIG5L                         00300008
_CONFIG6H                         0030000B
_CONFIG6L                         0030000A
_CONFIG7H                         0030000D
_CONFIG7L                         0030000C
_CP0_OFF_5L                       000000FF
_CP0_ON_5L                        000000FE
_CP1_OFF_5L                       000000FF
_CP1_ON_5L                        000000FD
_CP2_OFF_5L                       000000FF
_CP2_ON_5L                        000000FB
_CP3_OFF_5L                       000000FF
_CP3_ON_5L                        000000F7
_CPB_OFF_5H                       000000FF
_CPB_ON_5H                        000000BF
_CPD_OFF_5H                       000000FF
_CPD_ON_5H                        0000007F
_CPUDIV_OSC1_PLL2_1L              000000E7
_CPUDIV_OSC2_PLL3_1L              000000EF
_CPUDIV_OSC3_PLL4_1L              000000F7
_CPUDIV_OSC4_PLL6_1L              000000FF
_DEBUG_OFF_4L                     000000FF
_DEBUG_ON_4L                      0000007F
_DEVID1                           003FFFFE
_DEVID2                           003FFFFF
_EBTR0_OFF_7L                     000000FF
_EBTR0_ON_7L                      000000FE
_EBTR1_OFF_7L                     000000FF
_EBTR1_ON_7L                      000000FD
_EBTR2_OFF_7L                     000000FF
_EBTR2_ON_7L                      000000FB
_EBTR3_OFF_7L                     000000FF
_EBTR3_ON_7L                      000000F7
_EBTRB_OFF_7H                     000000FF
_EBTRB_ON_7H                      000000BF
_FCMEN_OFF_1H                     000000BF
_FCMEN_ON_1H                      000000FF
_FOSC_ECIO_EC_1H                  000000F4
_FOSC_ECPLLIO_EC_1H               000000F6
_FOSC_ECPLL_EC_1H                 000000F7
_FOSC_EC_EC_1H                    000000F5
_FOSC_HSPLL_HS_1H                 000000FE
_FOSC_HS_1H                       000000FC
_FOSC_INTOSCIO_EC_1H              000000F8
_FOSC_INTOSC_EC_1H                000000F9
_FOSC_INTOSC_HS_1H                000000FB
_FOSC_INTOSC_XT_1H                000000FA
_FOSC_XTPLL_XT_1H                 000000F2
_FOSC_XT_XT_1H                    000000F0
_ICPRT_OFF_4L                     000000DF
_ICPRT_ON_4L                      000000FF
_IDLOC0                           00200000
_IDLOC1                           00200001
MPASM 5.86                       PROJETO.ASM   4-12-2021  21:20:31         PAGE 21


SYMBOL TABLE
  LABEL                             VALUE 

_IDLOC2                           00200002
_IDLOC3                           00200003
_IDLOC4                           00200004
_IDLOC5                           00200005
_IDLOC6                           00200006
_IDLOC7                           00200007
_IESO_OFF_1H                      0000007F
_IESO_ON_1H                       000000FF
_LPT1OSC_OFF_3H                   000000FB
_LPT1OSC_ON_3H                    000000FF
_LVP_OFF_4L                       000000FB
_LVP_ON_4L                        000000FF
_MCLRE_OFF_3H                     0000007F
_MCLRE_ON_3H                      000000FF
_PBADEN_OFF_3H                    000000FD
_PBADEN_ON_3H                     000000FF
_PLLDIV_10_1L                     000000FE
_PLLDIV_12_1L                     000000FF
_PLLDIV_1_1L                      000000F8
_PLLDIV_2_1L                      000000F9
_PLLDIV_3_1L                      000000FA
_PLLDIV_4_1L                      000000FB
_PLLDIV_5_1L                      000000FC
_PLLDIV_6_1L                      000000FD
_PWRT_OFF_2L                      000000FF
_PWRT_ON_2L                       000000FE
_STVREN_OFF_4L                    000000FE
_STVREN_ON_4L                     000000FF
_USBDIV_1_1L                      000000DF
_USBDIV_2_1L                      000000FF
_VREGEN_OFF_2L                    000000DF
_VREGEN_ON_2L                     000000FF
_WDTPS_1024_2H                    000000F5
_WDTPS_128_2H                     000000EF
_WDTPS_16384_2H                   000000FD
_WDTPS_16_2H                      000000E9
_WDTPS_1_2H                       000000E1
_WDTPS_2048_2H                    000000F7
_WDTPS_256_2H                     000000F1
_WDTPS_2_2H                       000000E3
_WDTPS_32768_2H                   000000FF
_WDTPS_32_2H                      000000EB
_WDTPS_4096_2H                    000000F9
_WDTPS_4_2H                       000000E5
_WDTPS_512_2H                     000000F3
_WDTPS_64_2H                      000000ED
_WDTPS_8192_2H                    000000FB
_WDTPS_8_2H                       000000E7
_WDT_OFF_2H                       000000FE
_WDT_ON_2H                        000000FF
_WRT0_OFF_6L                      000000FF
_WRT0_ON_6L                       000000FE
_WRT1_OFF_6L                      000000FF
MPASM 5.86                       PROJETO.ASM   4-12-2021  21:20:31         PAGE 22


SYMBOL TABLE
  LABEL                             VALUE 

_WRT1_ON_6L                       000000FD
_WRT2_OFF_6L                      000000FF
_WRT2_ON_6L                       000000FB
_WRT3_OFF_6L                      000000FF
_WRT3_ON_6L                       000000F7
_WRTB_OFF_6H                      000000FF
_WRTB_ON_6H                       000000BF
_WRTC_OFF_6H                      000000FF
_WRTC_ON_6H                       000000DF
_WRTD_OFF_6H                      000000FF
_WRTD_ON_6H                       0000007F
_XINST_OFF_4L                     000000BF
_XINST_ON_4L                      000000FF
__18F4550                         00000001
looprincipal                      00000008

Errors   :     0
Warnings :    20 reported,     0 suppressed
Messages :     0 reported,     0 suppressed

