

Microchip MPLAB XC8 Assembler V2.10 build 88905656 
                                                                                               Thu Apr 15 01:55:00 2021

Microchip MPLAB XC8 C Compiler v2.10 (Free license) build 20190730164152 Og1 
     1                           	processor	18F4550
     2                           	fnconf	rparam,??,?,0
     3                           	opt	pw 120
     4                           	opt	flic
     5                           	psect	nvCOMRAM,global,class=COMRAM,space=1,delta=1,noexec
     6                           	psect	cinit,global,reloc=2,class=CODE,delta=1
     7                           	psect	bssCOMRAM,global,class=COMRAM,space=1,delta=1,noexec
     8                           	psect	cstackCOMRAM,global,class=COMRAM,space=1,delta=1,noexec
     9                           	psect	text0,global,reloc=2,class=CODE,delta=1
    10                           	psect	text1,global,reloc=2,class=CODE,delta=1
    11                           	psect	text2,global,reloc=2,class=CODE,delta=1
    12                           	psect	text3,global,reloc=2,class=CODE,delta=1
    13                           	psect	text4,global,reloc=2,class=CODE,delta=1
    14                           	psect	intsave_regs,global,class=BIGRAM,space=1,delta=1,noexec
    15                           	psect	rparam,global,class=COMRAM,space=1,delta=1,noexec
    16  0000                     
    17                           ; Version 2.10
    18                           ; Generated 31/07/2019 GMT
    19                           ; 
    20                           ; Copyright © 2019, Microchip Technology Inc. and its subsidiaries ("Microchip")
    21                           ; All rights reserved.
    22                           ; 
    23                           ; This software is developed by Microchip Technology Inc. and its subsidiaries ("Microch
      +                          ip").
    24                           ; 
    25                           ; Redistribution and use in source and binary forms, with or without modification, are
    26                           ; permitted provided that the following conditions are met:
    27                           ; 
    28                           ;     1. Redistributions of source code must retain the above copyright notice, this lis
      +                          t of
    29                           ;        conditions and the following disclaimer.
    30                           ; 
    31                           ;     2. Redistributions in binary form must reproduce the above copyright notice, this 
      +                          list
    32                           ;        of conditions and the following disclaimer in the documentation and/or other
    33                           ;        materials provided with the distribution.
    34                           ; 
    35                           ;     3. Microchip's name may not be used to endorse or promote products derived from th
      +                          is
    36                           ;        software without specific prior written permission.
    37                           ; 
    38                           ; THIS SOFTWARE IS PROVIDED BY MICROCHIP "AS IS" AND ANY EXPRESS OR IMPLIED WARRANTIES,
    39                           ; INCLUDING, BUT NOT LIMITED TO, THE IMPLIED WARRANTIES OF MERCHANTABILITY AND FITNESS F
      +                          OR
    40                           ; PURPOSE ARE DISCLAIMED.  IN NO EVENT SHALL MICROCHIP BE LIABLE FOR ANY DIRECT, INDIREC
      +                          T,
    41                           ; INCIDENTAL, SPECIAL, EXEMPLARY, OR CONSEQUENTIAL DAMAGES (INCLUDING BUT NOT LIMITED TO
    42                           ; PROCUREMENT OF SUBSTITUTE GOODS OR SERVICES; LOSS OF USE, DATA OR PROFITS; OR BUSINESS
    43                           ; INTERRUPTION) HOWSOEVER CAUSED AND ON ANY THEORY OF LIABILITY, WHETHER IN CONTRACT, ST
      +                          RICT
    44                           ; LIABILITY, OR TORT (INCLUDING NEGLIGENCE OR OTHERWISE) ARISING IN ANY WAY OUT OF THE U
      +                          SE OF
    45                           ; THIS SOFTWARE, EVEN IF ADVISED OF THE POSSIBILITY OF SUCH DAMAGE.
    46                           ; 
    47                           ; 
    48                           ; Code-generator required, PIC18F4550 Definitions
    49                           ; 
    50                           ; SFR Addresses
    51  0000                     
    52                           	psect	nvCOMRAM
    53  000005                     __pnvCOMRAM:
    54                           	opt callstack 0
    55  000005                     _tempo:
    56                           	opt callstack 0
    57  000005                     	ds	1
    58  000006                     _led2:
    59                           	opt callstack 0
    60  000006                     	ds	1
    61  0000                     _PORTD	set	3971
    62  0000                     _PORTBbits	set	3969
    63  0000                     _TRISD	set	3989
    64  0000                     _TRISBbits	set	3987
    65                           
    66                           ; #config settings
    67                           
    68                           	psect	cinit
    69  007EBA                     __pcinit:
    70                           	opt callstack 0
    71  007EBA                     start_initialization:
    72                           	opt callstack 0
    73  007EBA                     __initialization:
    74                           	opt callstack 0
    75                           
    76                           ; Clear objects allocated to COMRAM (2 bytes)
    77  007EBA  6A08               	clrf	(__pbssCOMRAM+1)& (0+255),c
    78  007EBC  6A07               	clrf	__pbssCOMRAM& (0+255),c
    79  007EBE                     end_of_initialization:
    80                           	opt callstack 0
    81  007EBE                     __end_of__initialization:
    82                           	opt callstack 0
    83  007EBE  0100               	movlb	0
    84  007EC0  EF95  F03F         	goto	_main	;jump to C main() function
    85                           
    86                           	psect	bssCOMRAM
    87  000007                     __pbssCOMRAM:
    88                           	opt callstack 0
    89  000007                     _x:
    90                           	opt callstack 0
    91  000007                     	ds	1
    92  000008                     _led1:
    93                           	opt callstack 0
    94  000008                     	ds	1
    95                           
    96                           	psect	cstackCOMRAM
    97  000001                     __pcstackCOMRAM:
    98                           	opt callstack 0
    99  000001                     ??_contagem:
   100  000001                     ??_delay1m:
   101  000001                     
   102                           ; 1 bytes @ 0x0
   103  000001                     	ds	2
   104  000003                     ??_temporarizador:
   105                           
   106                           ; 1 bytes @ 0x2
   107  000003                     	ds	2
   108  000005                     
   109                           ; 1 bytes @ 0x4
   110 ;;
   111 ;;Main: autosize = 0, tempsize = 0, incstack = 0, save=0
   112 ;;
   113 ;; *************** function _main *****************
   114 ;; Defined at:
   115 ;;		line 17 in file "main.c"
   116 ;; Parameters:    Size  Location     Type
   117 ;;		None
   118 ;; Auto vars:     Size  Location     Type
   119 ;;		None
   120 ;; Return value:  Size  Location     Type
   121 ;;                  1    wreg      void 
   122 ;; Registers used:
   123 ;;		wreg, status,2, status,0, cstack
   124 ;; Tracked objects:
   125 ;;		On entry : 0/0
   126 ;;		On exit  : 0/0
   127 ;;		Unchanged: 0/0
   128 ;; Data sizes:     COMRAM   BANK0   BANK1   BANK2   BANK3   BANK4   BANK5   BANK6   BANK7
   129 ;;      Params:         0       0       0       0       0       0       0       0       0
   130 ;;      Locals:         0       0       0       0       0       0       0       0       0
   131 ;;      Temps:          0       0       0       0       0       0       0       0       0
   132 ;;      Totals:         0       0       0       0       0       0       0       0       0
   133 ;;Total ram usage:        0 bytes
   134 ;; Hardware stack levels required when called:    2
   135 ;; This function calls:
   136 ;;		_atualiza_PORTD
   137 ;;		_contagem
   138 ;;		_temporarizador
   139 ;; This function is called by:
   140 ;;		Startup code after reset
   141 ;; This function uses a non-reentrant model
   142 ;;
   143                           
   144                           	psect	text0
   145  007F2A                     __ptext0:
   146                           	opt callstack 0
   147  007F2A                     _main:
   148                           	opt callstack 29
   149  007F2A                     
   150                           ;main.c: 18:     led2 = 1;
   151  007F2A  8093               	bsf	147,0,c	;volatile
   152                           
   153                           ;main.c: 19:     tempo = 1;
   154  007F2C  8293               	bsf	147,1,c	;volatile
   155                           
   156                           ;main.c: 20: 
   157  007F2E  9893               	bcf	147,4,c	;volatile
   158  007F30                     
   159                           ;main.c: 21: 
   160  007F30  0E00               	movlw	0
   161  007F32  6E95               	movwf	149,c	;volatile
   162                           
   163                           ;main.c: 22:     while(1){
   164  007F34  0E00               	movlw	0
   165  007F36  6E08               	movwf	_led1^0,c
   166                           
   167                           ;main.c: 23:         atualiza_PORTD();
   168  007F38  0E01               	movlw	1
   169  007F3A  6E06               	movwf	_led2^0,c
   170                           
   171                           ;main.c: 24:         if(PORTBbits.RB0 == 0){
   172  007F3C  0E01               	movlw	1
   173  007F3E  6E05               	movwf	_tempo^0,c
   174  007F40                     l785:
   175                           
   176                           ;main.c: 28:             temporarizador();
   177  007F40  EC58  F03F         	call	_atualiza_PORTD	;wreg free
   178  007F44                     
   179                           ;main.c: 29:         }
   180  007F44  B081               	btfsc	129,0,c	;volatile
   181  007F46  EFA7  F03F         	goto	u81
   182  007F4A  EFA9  F03F         	goto	u80
   183  007F4E                     u81:
   184  007F4E  EFAB  F03F         	goto	l791
   185  007F52                     u80:
   186  007F52                     
   187                           ;main.c: 30:     }
   188  007F52  EC7B  F03F         	call	_contagem	;wreg free
   189  007F56                     l791:
   190                           
   191                           ;main.c: 32: }
   192  007F56  B281               	btfsc	129,1,c	;volatile
   193  007F58  EFB0  F03F         	goto	u91
   194  007F5C  EFB2  F03F         	goto	u90
   195  007F60                     u91:
   196  007F60  EFA0  F03F         	goto	l785
   197  007F64                     u90:
   198  007F64                     
   199                           ;main.c: 33: 
   200  007F64  ECB8  F03F         	call	_temporarizador	;wreg free
   201  007F68  EFA0  F03F         	goto	l785
   202  007F6C  EF00  F000         	goto	start
   203  007F70                     __end_of_main:
   204                           	opt callstack 0
   205                           
   206 ;; *************** function _temporarizador *****************
   207 ;; Defined at:
   208 ;;		line 52 in file "main.c"
   209 ;; Parameters:    Size  Location     Type
   210 ;;		None
   211 ;; Auto vars:     Size  Location     Type
   212 ;;		None
   213 ;; Return value:  Size  Location     Type
   214 ;;                  1    wreg      void 
   215 ;; Registers used:
   216 ;;		wreg, status,2, status,0, cstack
   217 ;; Tracked objects:
   218 ;;		On entry : 0/0
   219 ;;		On exit  : 0/0
   220 ;;		Unchanged: 0/0
   221 ;; Data sizes:     COMRAM   BANK0   BANK1   BANK2   BANK3   BANK4   BANK5   BANK6   BANK7
   222 ;;      Params:         0       0       0       0       0       0       0       0       0
   223 ;;      Locals:         0       0       0       0       0       0       0       0       0
   224 ;;      Temps:          2       0       0       0       0       0       0       0       0
   225 ;;      Totals:         2       0       0       0       0       0       0       0       0
   226 ;;Total ram usage:        2 bytes
   227 ;; Hardware stack levels used:    1
   228 ;; Hardware stack levels required when called:    1
   229 ;; This function calls:
   230 ;;		_atualiza_PORTD
   231 ;;		_delay1m
   232 ;; This function is called by:
   233 ;;		_main
   234 ;; This function uses a non-reentrant model
   235 ;;
   236                           
   237                           	psect	text1
   238  007F70                     __ptext1:
   239                           	opt callstack 0
   240  007F70                     _temporarizador:
   241                           	opt callstack 29
   242  007F70                     
   243                           ;main.c: 54:             atualiza_PORTD();
   244  007F70  EFCE  F03F         	goto	l46
   245  007F74                     l757:
   246                           
   247                           ;main.c: 55:         }
   248  007F74  5008               	movf	_led1^0,w,c
   249  007F76  A4D8               	btfss	status,2,c
   250  007F78  EFC0  F03F         	goto	u31
   251  007F7C  EFC2  F03F         	goto	u30
   252  007F80                     u31:
   253  007F80  EFC9  F03F         	goto	l767
   254  007F84                     u30:
   255  007F84                     
   256                           ;main.c: 56:         led1--;
   257  007F84  0606               	decf	_led2^0,f,c
   258  007F86                     
   259                           ;main.c: 57:         delay1m();
   260  007F86  0E09               	movlw	9
   261  007F88  6E08               	movwf	_led1^0,c
   262  007F8A                     
   263                           ;main.c: 58:         atualiza_PORTD();
   264  007F8A  EC62  F03F         	call	_delay1m	;wreg free
   265  007F8E                     
   266                           ;main.c: 59:     }
   267  007F8E  EC58  F03F         	call	_atualiza_PORTD	;wreg free
   268  007F92                     l767:
   269                           
   270                           ;main.c: 61:     while (PORTBbits.RB0 && PORTBbits.RB1 == 1){
   271  007F92  0608               	decf	_led1^0,f,c
   272  007F94                     
   273                           ;main.c: 62:         PORTBbits.RB4 = 1;
   274  007F94  EC62  F03F         	call	_delay1m	;wreg free
   275  007F98                     
   276                           ;main.c: 63:     }
   277  007F98  EC58  F03F         	call	_atualiza_PORTD	;wreg free
   278  007F9C                     l46:
   279                           
   280                           ;main.c: 54:             atualiza_PORTD();
   281  007F9C  5008               	movf	_led1^0,w,c
   282  007F9E  A4D8               	btfss	status,2,c
   283  007FA0  EFD4  F03F         	goto	u41
   284  007FA4  EFD6  F03F         	goto	u40
   285  007FA8                     u41:
   286  007FA8  EFBA  F03F         	goto	l757
   287  007FAC                     u40:
   288  007FAC  5006               	movf	_led2^0,w,c
   289  007FAE  A4D8               	btfss	status,2,c
   290  007FB0  EFDC  F03F         	goto	u51
   291  007FB4  EFDE  F03F         	goto	u50
   292  007FB8                     u51:
   293  007FB8  EFBA  F03F         	goto	l757
   294  007FBC                     u50:
   295  007FBC  EFE1  F03F         	goto	l50
   296  007FC0                     l51:
   297                           
   298                           ;main.c: 67:     _delay((unsigned long)((500)*(4000000/4000.0)));
   299  007FC0  8881               	bsf	129,4,c	;volatile
   300  007FC2                     l50:
   301                           
   302                           ;main.c: 66:     tempo = 1;
   303  007FC2  A081               	btfss	129,0,c	;volatile
   304  007FC4  EFE6  F03F         	goto	u61
   305  007FC8  EFE8  F03F         	goto	u60
   306  007FCC                     u61:
   307  007FCC  EFEF  F03F         	goto	l54
   308  007FD0                     u60:
   309  007FD0  B281               	btfsc	129,1,c	;volatile
   310  007FD2  EFED  F03F         	goto	u71
   311  007FD6  EFEF  F03F         	goto	u70
   312  007FDA                     u71:
   313  007FDA  EFE0  F03F         	goto	l51
   314  007FDE                     u70:
   315  007FDE                     l54:
   316                           
   317                           ;main.c: 69: 
   318  007FDE  9881               	bcf	129,4,c	;volatile
   319  007FE0                     
   320                           ;main.c: 70: void delay1m(void){
   321  007FE0  0E01               	movlw	1
   322  007FE2  6E06               	movwf	_led2^0,c
   323                           
   324                           ;main.c: 71:     x = 60;
   325  007FE4  0E01               	movlw	1
   326  007FE6  6E05               	movwf	_tempo^0,c
   327  007FE8                     
   328                           ;main.c: 72:     while(x != 0){
   329  007FE8  0E03               	movlw	3
   330  007FEA  6E04               	movwf	(??_temporarizador+1)^0,c
   331  007FEC  0E8A               	movlw	138
   332  007FEE  6E03               	movwf	??_temporarizador^0,c
   333  007FF0  0E56               	movlw	86
   334  007FF2                     u107:
   335  007FF2  2EE8               	decfsz	wreg,f,c
   336  007FF4  D7FE               	bra	u107
   337  007FF6  2E03               	decfsz	??_temporarizador^0,f,c
   338  007FF8  D7FC               	bra	u107
   339  007FFA  2E04               	decfsz	(??_temporarizador+1)^0,f,c
   340  007FFC  D7FA               	bra	u107
   341  007FFE  0012               	return		;funcret
   342  008000                     __end_of_temporarizador:
   343                           	opt callstack 0
   344                           
   345 ;; *************** function _delay1m *****************
   346 ;; Defined at:
   347 ;;		line 75 in file "main.c"
   348 ;; Parameters:    Size  Location     Type
   349 ;;		None
   350 ;; Auto vars:     Size  Location     Type
   351 ;;		None
   352 ;; Return value:  Size  Location     Type
   353 ;;                  1    wreg      void 
   354 ;; Registers used:
   355 ;;		wreg, status,2, status,0
   356 ;; Tracked objects:
   357 ;;		On entry : 0/0
   358 ;;		On exit  : 0/0
   359 ;;		Unchanged: 0/0
   360 ;; Data sizes:     COMRAM   BANK0   BANK1   BANK2   BANK3   BANK4   BANK5   BANK6   BANK7
   361 ;;      Params:         0       0       0       0       0       0       0       0       0
   362 ;;      Locals:         0       0       0       0       0       0       0       0       0
   363 ;;      Temps:          2       0       0       0       0       0       0       0       0
   364 ;;      Totals:         2       0       0       0       0       0       0       0       0
   365 ;;Total ram usage:        2 bytes
   366 ;; Hardware stack levels used:    1
   367 ;; This function calls:
   368 ;;		Nothing
   369 ;; This function is called by:
   370 ;;		_temporarizador
   371 ;; This function uses a non-reentrant model
   372 ;;
   373                           
   374                           	psect	text2
   375  007EC4                     __ptext2:
   376                           	opt callstack 0
   377  007EC4                     _delay1m:
   378                           	opt callstack 29
   379  007EC4                     
   380                           ;main.c: 76: }
   381  007EC4  0E3C               	movlw	60
   382  007EC6  6E07               	movwf	_x^0,c
   383  007EC8  EF72  F03F         	goto	l745
   384  007ECC                     l741:
   385  007ECC  0E06               	movlw	6
   386  007ECE  6E02               	movwf	(??_delay1m+1)^0,c
   387  007ED0  0E13               	movlw	19
   388  007ED2  6E01               	movwf	??_delay1m^0,c
   389  007ED4  0EAE               	movlw	174
   390  007ED6                     u117:
   391  007ED6  2EE8               	decfsz	wreg,f,c
   392  007ED8  D7FE               	bra	u117
   393  007EDA  2E01               	decfsz	??_delay1m^0,f,c
   394  007EDC  D7FC               	bra	u117
   395  007EDE  2E02               	decfsz	(??_delay1m+1)^0,f,c
   396  007EE0  D7FA               	bra	u117
   397  007EE2  0607               	decf	_x^0,f,c
   398  007EE4                     l745:
   399  007EE4  5007               	movf	_x^0,w,c
   400  007EE6  A4D8               	btfss	status,2,c
   401  007EE8  EF78  F03F         	goto	u11
   402  007EEC  EF7A  F03F         	goto	u10
   403  007EF0                     u11:
   404  007EF0  EF66  F03F         	goto	l741
   405  007EF4                     u10:
   406  007EF4  0012               	return		;funcret
   407  007EF6                     __end_of_delay1m:
   408                           	opt callstack 0
   409                           
   410 ;; *************** function _atualiza_PORTD *****************
   411 ;; Defined at:
   412 ;;		line 39 in file "main.c"
   413 ;; Parameters:    Size  Location     Type
   414 ;;		None
   415 ;; Auto vars:     Size  Location     Type
   416 ;;		None
   417 ;; Return value:  Size  Location     Type
   418 ;;                  1    wreg      void 
   419 ;; Registers used:
   420 ;;		wreg, status,2, status,0
   421 ;; Tracked objects:
   422 ;;		On entry : 0/0
   423 ;;		On exit  : 0/0
   424 ;;		Unchanged: 0/0
   425 ;; Data sizes:     COMRAM   BANK0   BANK1   BANK2   BANK3   BANK4   BANK5   BANK6   BANK7
   426 ;;      Params:         0       0       0       0       0       0       0       0       0
   427 ;;      Locals:         0       0       0       0       0       0       0       0       0
   428 ;;      Temps:          0       0       0       0       0       0       0       0       0
   429 ;;      Totals:         0       0       0       0       0       0       0       0       0
   430 ;;Total ram usage:        0 bytes
   431 ;; Hardware stack levels used:    1
   432 ;; This function calls:
   433 ;;		Nothing
   434 ;; This function is called by:
   435 ;;		_main
   436 ;;		_temporarizador
   437 ;; This function uses a non-reentrant model
   438 ;;
   439                           
   440                           	psect	text3
   441  007EB0                     __ptext3:
   442                           	opt callstack 0
   443  007EB0                     _atualiza_PORTD:
   444                           	opt callstack 29
   445  007EB0                     
   446                           ;main.c: 40:     tempo++;
   447  007EB0  3806               	swapf	_led2^0,w,c
   448  007EB2  0BF0               	andlw	240
   449  007EB4  1008               	iorwf	_led1^0,w,c
   450  007EB6  6E83               	movwf	131,c	;volatile
   451  007EB8  0012               	return		;funcret
   452  007EBA                     __end_of_atualiza_PORTD:
   453                           	opt callstack 0
   454                           
   455 ;; *************** function _contagem *****************
   456 ;; Defined at:
   457 ;;		line 43 in file "main.c"
   458 ;; Parameters:    Size  Location     Type
   459 ;;		None
   460 ;; Auto vars:     Size  Location     Type
   461 ;;		None
   462 ;; Return value:  Size  Location     Type
   463 ;;                  1    wreg      void 
   464 ;; Registers used:
   465 ;;		wreg, status,2, status,0
   466 ;; Tracked objects:
   467 ;;		On entry : 0/0
   468 ;;		On exit  : 0/0
   469 ;;		Unchanged: 0/0
   470 ;; Data sizes:     COMRAM   BANK0   BANK1   BANK2   BANK3   BANK4   BANK5   BANK6   BANK7
   471 ;;      Params:         0       0       0       0       0       0       0       0       0
   472 ;;      Locals:         0       0       0       0       0       0       0       0       0
   473 ;;      Temps:          2       0       0       0       0       0       0       0       0
   474 ;;      Totals:         2       0       0       0       0       0       0       0       0
   475 ;;Total ram usage:        2 bytes
   476 ;; Hardware stack levels used:    1
   477 ;; This function calls:
   478 ;;		Nothing
   479 ;; This function is called by:
   480 ;;		_main
   481 ;; This function uses a non-reentrant model
   482 ;;
   483                           
   484                           	psect	text4
   485  007EF6                     __ptext4:
   486                           	opt callstack 0
   487  007EF6                     _contagem:
   488                           	opt callstack 30
   489  007EF6                     
   490                           ;main.c: 44:     }
   491  007EF6  2A06               	incf	_led2^0,f,c
   492                           
   493                           ;main.c: 45:     _delay((unsigned long)((500)*(4000000/4000.0)));
   494  007EF8  2A05               	incf	_tempo^0,f,c
   495  007EFA                     
   496                           ;main.c: 46: }
   497  007EFA  0E06               	movlw	6
   498  007EFC  6405               	cpfsgt	_tempo^0,c
   499  007EFE  EF83  F03F         	goto	u21
   500  007F02  EF85  F03F         	goto	u20
   501  007F06                     u21:
   502  007F06  EF89  F03F         	goto	l753
   503  007F0A                     u20:
   504  007F0A                     
   505                           ;main.c: 47: void temporarizador(void){
   506  007F0A  0E01               	movlw	1
   507  007F0C  6E06               	movwf	_led2^0,c
   508                           
   509                           ;main.c: 48: 
   510  007F0E  0E01               	movlw	1
   511  007F10  6E05               	movwf	_tempo^0,c
   512  007F12                     l753:
   513                           
   514                           ;main.c: 50:         if(led1 == 0){
   515  007F12  0E03               	movlw	3
   516  007F14  6E02               	movwf	(??_contagem+1)^0,c
   517  007F16  0E8A               	movlw	138
   518  007F18  6E01               	movwf	??_contagem^0,c
   519  007F1A  0E56               	movlw	86
   520  007F1C                     u127:
   521  007F1C  2EE8               	decfsz	wreg,f,c
   522  007F1E  D7FE               	bra	u127
   523  007F20  2E01               	decfsz	??_contagem^0,f,c
   524  007F22  D7FC               	bra	u127
   525  007F24  2E02               	decfsz	(??_contagem+1)^0,f,c
   526  007F26  D7FA               	bra	u127
   527  007F28  0012               	return		;funcret
   528  007F2A                     __end_of_contagem:
   529                           	opt callstack 0
   530  0000                     
   531                           	psect	rparam
   532  0000                     tosu	equ	0xFFF
   533                           tosh	equ	0xFFE
   534                           tosl	equ	0xFFD
   535                           stkptr	equ	0xFFC
   536                           pclatu	equ	0xFFB
   537                           pclath	equ	0xFFA
   538                           pcl	equ	0xFF9
   539                           tblptru	equ	0xFF8
   540                           tblptrh	equ	0xFF7
   541                           tblptrl	equ	0xFF6
   542                           tablat	equ	0xFF5
   543                           prodh	equ	0xFF4
   544                           prodl	equ	0xFF3
   545                           indf0	equ	0xFEF
   546                           postinc0	equ	0xFEE
   547                           postdec0	equ	0xFED
   548                           preinc0	equ	0xFEC
   549                           plusw0	equ	0xFEB
   550                           fsr0h	equ	0xFEA
   551                           fsr0l	equ	0xFE9
   552                           wreg	equ	0xFE8
   553                           indf1	equ	0xFE7
   554                           postinc1	equ	0xFE6
   555                           postdec1	equ	0xFE5
   556                           preinc1	equ	0xFE4
   557                           plusw1	equ	0xFE3
   558                           fsr1h	equ	0xFE2
   559                           fsr1l	equ	0xFE1
   560                           bsr	equ	0xFE0
   561                           indf2	equ	0xFDF
   562                           postinc2	equ	0xFDE
   563                           postdec2	equ	0xFDD
   564                           preinc2	equ	0xFDC
   565                           plusw2	equ	0xFDB
   566                           fsr2h	equ	0xFDA
   567                           fsr2l	equ	0xFD9
   568                           status	equ	0xFD8


Data Sizes:
    Strings     0
    Constant    0
    Data        0
    BSS         2
    Persistent  2
    Stack       0

Auto Spaces:
    Space          Size  Autos    Used
    COMRAM           95      4       8
    BANK0           160      0       0
    BANK1           256      0       0
    BANK2           256      0       0
    BANK3           256      0       0
    BANK4           256      0       0
    BANK5           256      0       0
    BANK6           256      0       0
    BANK7           256      0       0

Pointer List with Targets:

    None.

Critical Paths under _main in COMRAM

    _main->_temporarizador
    _temporarizador->_delay1m

Critical Paths under _main in BANK0

    None.

Critical Paths under _main in BANK1

    None.

Critical Paths under _main in BANK2

    None.

Critical Paths under _main in BANK3

    None.

Critical Paths under _main in BANK4

    None.

Critical Paths under _main in BANK5

    None.

Critical Paths under _main in BANK6

    None.

Critical Paths under _main in BANK7

    None.

Call Graph Tables:

 ---------------------------------------------------------------------------------
 (Depth) Function   	        Calls       Base Space   Used Autos Params    Refs
 ---------------------------------------------------------------------------------
 (0) _main                                                 0     0      0       0
                     _atualiza_PORTD
                           _contagem
                     _temporarizador
 ---------------------------------------------------------------------------------
 (1) _temporarizador                                       2     2      0       0
                                              2 COMRAM     2     2      0
                     _atualiza_PORTD
                            _delay1m
 ---------------------------------------------------------------------------------
 (2) _delay1m                                              2     2      0       0
                                              0 COMRAM     2     2      0
 ---------------------------------------------------------------------------------
 (2) _atualiza_PORTD                                       0     0      0       0
 ---------------------------------------------------------------------------------
 (1) _contagem                                             2     2      0       0
                                              0 COMRAM     2     2      0
 ---------------------------------------------------------------------------------
 Estimated maximum stack depth 2
 ---------------------------------------------------------------------------------

 Call Graph Graphs:

 _main (ROOT)
   _atualiza_PORTD
   _contagem
   _temporarizador
     _atualiza_PORTD
     _delay1m

 Address spaces:
Name               Size   Autos  Total    Cost      Usage
BIGRAM             7FF      0       0      21        0.0%
EEDATA             100      0       0       0        0.0%
BITBANK7           100      0       0      18        0.0%
BANK7              100      0       0      19        0.0%
BITBANK6           100      0       0      16        0.0%
BANK6              100      0       0      17        0.0%
BITBANK5           100      0       0      14        0.0%
BANK5              100      0       0      15        0.0%
BITBANK4           100      0       0      12        0.0%
BANK4              100      0       0      13        0.0%
BITBANK3           100      0       0      10        0.0%
BANK3              100      0       0      11        0.0%
BITBANK2           100      0       0       8        0.0%
BANK2              100      0       0       9        0.0%
BITBANK1           100      0       0       6        0.0%
BANK1              100      0       0       7        0.0%
BITBANK0            A0      0       0       4        0.0%
BANK0               A0      0       0       5        0.0%
BITCOMRAM           5F      0       0       0        0.0%
COMRAM              5F      4       8       1        8.4%
BITSFR               0      0       0     200        0.0%
SFR                  0      0       0     200        0.0%
STACK                0      0       0       2        0.0%
NULL                 0      0       0       0        0.0%
ABS                  0      0       8      20        0.0%
DATA                 0      0       8       3        0.0%
CODE                 0      0       0       0        0.0%


Microchip Technology PIC18 Macro Assembler V2.10 build 88905656 
Symbol Table                                                                                   Thu Apr 15 01:55:00 2021

                      _x 0007                       l50 7FC2                       l43 7F28  
                     l51 7FC0                       l61 7EF4                       l54 7FDE  
                     l46 7F9C                       l39 7EB8                       l55 7FFE  
                     u10 7EF4                       u11 7EF0                       u20 7F0A  
                     u21 7F06                       u30 7F84                       u31 7F80  
                     u40 7FAC                       u41 7FA8                       u50 7FBC  
                     u51 7FB8                       u60 7FD0                       u61 7FCC  
                     u70 7FDE                       u71 7FDA                       u80 7F52  
                     u81 7F4E                       u90 7F64                       u91 7F60  
                    l741 7ECC                      l751 7F0A                      l743 7EE2  
                    l753 7F12                      l737 7EB0                      l745 7EE4  
                    l761 7F86                      l747 7EF6                      l739 7EC4  
                    l771 7F98                      l763 7F8A                      l755 7F70  
                    l749 7EFA                      l773 7FAC                      l765 7F8E  
                    l757 7F74                      l781 7F2A                      l775 7FD0  
                    l759 7F84                      l767 7F92                      l791 7F56  
                    l783 7F30                      l777 7FE0                      l769 7F94  
                    l793 7F64                      l785 7F40                      l779 7FE8  
                    l787 7F44                      l789 7F52                      u107 7FF2  
                    u117 7ED6                      u127 7F1C                      wreg 000FE8  
                   _led1 0008                     _led2 0006                     _main 7F2A  
                   start 0000             ___param_bank 000000                    ?_main 0001  
                  _PORTD 000F83                    _TRISD 000F95          __end_of_delay1m 7EF6  
       ??_temporarizador 0003                    _tempo 0005                    status 000FD8  
        __initialization 7EBA           _atualiza_PORTD 7EB0             __end_of_main 7F70  
                 ??_main 0005            __activetblptr 000000   __end_of_atualiza_PORTD 7EBA  
       __end_of_contagem 7F2A                ??_delay1m 0001               __accesstop 0060  
__end_of__initialization 7EBE            ___rparam_used 000001          ?_atualiza_PORTD 0001  
         __pcstackCOMRAM 0001               __pnvCOMRAM 0005                ?_contagem 0001  
                __Hparam 0000                  __Lparam 0000                  _delay1m 7EC4  
                __pcinit 7EBA                  __ramtop 0800                  __ptext0 7F2A  
                __ptext1 7F70                  __ptext2 7EC4                  __ptext3 7EB0  
                __ptext4 7EF6     end_of_initialization 7EBE               ??_contagem 0001  
              _PORTBbits 000F81                _TRISBbits 000F93         ??_atualiza_PORTD 0001  
__size_of_temporarizador 0090      start_initialization 7EBA              __pbssCOMRAM 0007  
      __size_of_contagem 0034                 ?_delay1m 0001           _temporarizador 7F70  
 __end_of_temporarizador 8000                 __Hrparam 0000                 __Lrparam 0000  
       __size_of_delay1m 0032                 _contagem 7EF6          ?_temporarizador 0001  
          __size_of_main 0046  __size_of_atualiza_PORTD 000A  
